  g_cmds.c
  g_combat.c
C:\Users\ogore\IT266Quake2\quake2-full\ctf\g_cmds.c(34,2): warning C4996: 'strcpy': This function or variable may be unsafe. Consider using strcpy_s instead. To disable deprecation, use _CRT_SECURE_NO_WARNINGS. See online help for details.
C:\Users\ogore\IT266Quake2\quake2-full\ctf\g_cmds.c(57,2): warning C4996: 'strcpy': This function or variable may be unsafe. Consider using strcpy_s instead. To disable deprecation, use _CRT_SECURE_NO_WARNINGS. See online help for details.
C:\Users\ogore\IT266Quake2\quake2-full\ctf\g_cmds.c(58,2): warning C4996: 'strcpy': This function or variable may be unsafe. Consider using strcpy_s instead. To disable deprecation, use _CRT_SECURE_NO_WARNINGS. See online help for details.
C:\Users\ogore\IT266Quake2\quake2-full\ctf\g_cmds.c(790,4): warning C4996: 'strcat': This function or variable may be unsafe. Consider using strcat_s instead. To disable deprecation, use _CRT_SECURE_NO_WARNINGS. See online help for details.
C:\Users\ogore\IT266Quake2\quake2-full\ctf\g_cmds.c(793,3): warning C4996: 'strcat': This function or variable may be unsafe. Consider using strcat_s instead. To disable deprecation, use _CRT_SECURE_NO_WARNINGS. See online help for details.
C:\Users\ogore\IT266Quake2\quake2-full\ctf\g_cmds.c(905,3): warning C4996: 'strcat': This function or variable may be unsafe. Consider using strcat_s instead. To disable deprecation, use _CRT_SECURE_NO_WARNINGS. See online help for details.
C:\Users\ogore\IT266Quake2\quake2-full\ctf\g_cmds.c(906,3): warning C4996: 'strcat': This function or variable may be unsafe. Consider using strcat_s instead. To disable deprecation, use _CRT_SECURE_NO_WARNINGS. See online help for details.
C:\Users\ogore\IT266Quake2\quake2-full\ctf\g_cmds.c(907,3): warning C4996: 'strcat': This function or variable may be unsafe. Consider using strcat_s instead. To disable deprecation, use _CRT_SECURE_NO_WARNINGS. See online help for details.
C:\Users\ogore\IT266Quake2\quake2-full\ctf\g_cmds.c(918,3): warning C4996: 'strcat': This function or variable may be unsafe. Consider using strcat_s instead. To disable deprecation, use _CRT_SECURE_NO_WARNINGS. See online help for details.
C:\Users\ogore\IT266Quake2\quake2-full\ctf\g_cmds.c(925,2): warning C4996: 'strcat': This function or variable may be unsafe. Consider using strcat_s instead. To disable deprecation, use _CRT_SECURE_NO_WARNINGS. See online help for details.
C:\Users\ogore\IT266Quake2\quake2-full\ctf\g_cmds.c(1021,3): warning C4013: 'Cmd_SelectWar' undefined; assuming extern returning int
C:\Users\ogore\IT266Quake2\quake2-full\ctf\g_cmds.c(1023,3): warning C4013: 'Cmd_SelectTact' undefined; assuming extern returning int
C:\Users\ogore\IT266Quake2\quake2-full\ctf\g_cmds.c(1025,3): warning C4013: 'Cmd_SelectTank' undefined; assuming extern returning int
C:\Users\ogore\IT266Quake2\quake2-full\ctf\g_cmds.c(1027,3): warning C4013: 'Cmd_SelectSnipe' undefined; assuming extern returning int
C:\Users\ogore\IT266Quake2\quake2-full\ctf\g_cmds.c(1029,3): warning C4013: 'Cmd_SelectMedic' undefined; assuming extern returning int
C:\Users\ogore\IT266Quake2\quake2-full\ctf\g_combat.c(99,2): error C2059: syntax error: 'if'
C:\Users\ogore\IT266Quake2\quake2-full\ctf\g_combat.c(111,2): error C2059: syntax error: '}'
C:\Users\ogore\IT266Quake2\quake2-full\ctf\g_combat.c(119,2): error C2059: syntax error: 'if'
C:\Users\ogore\IT266Quake2\quake2-full\ctf\g_combat.c(125,6): error C2143: syntax error: missing '{' before '->'
C:\Users\ogore\IT266Quake2\quake2-full\ctf\g_combat.c(125,6): error C2059: syntax error: '->'
C:\Users\ogore\IT266Quake2\quake2-full\ctf\g_combat.c(126,1): error C2059: syntax error: '}'
C:\Users\ogore\IT266Quake2\quake2-full\ctf\g_combat.c(243,2): warning C4013: 'SpawnDamage' undefined; assuming extern returning int
  Generating Code...
