C:\Program Files\Microsoft Visual Studio\2022\Community\MSBuild\Microsoft\VC\v170\Microsoft.CppBuild.targets(517,5): warning MSB8004: Output Directory does not end with a trailing slash.  This build instance will add the slash as it is required to allow proper evaluation of the Output Directory.
  cl_main.c
C:\Users\ogore\IT266Quake2\quake2-full\client\cl_main.c(162,7): warning C4459: declaration of 'name' hides global declaration
      C:\Users\ogore\IT266Quake2\quake2-full\client\cl_main.c(79,9):
      see declaration of 'name'
  
C:\Users\ogore\IT266Quake2\quake2-full\client\cl_main.c(209,17): warning C4057: 'function': 'byte *' differs in indirection to slightly different base types from 'char [1400]'
C:\Users\ogore\IT266Quake2\quake2-full\client\cl_main.c(195,17): warning C4996: 'fopen': This function or variable may be unsafe. Consider using fopen_s instead. To disable deprecation, use _CRT_SECURE_NO_WARNINGS. See online help for details.
C:\Users\ogore\IT266Quake2\quake2-full\client\cl_main.c(313,3): warning C4996: 'strcpy': This function or variable may be unsafe. Consider using strcpy_s instead. To disable deprecation, use _CRT_SECURE_NO_WARNINGS. See online help for details.
C:\Users\ogore\IT266Quake2\quake2-full\client\cl_main.c(314,3): warning C4996: 'strcat': This function or variable may be unsafe. Consider using strcat_s instead. To disable deprecation, use _CRT_SECURE_NO_WARNINGS. See online help for details.
C:\Users\ogore\IT266Quake2\quake2-full\client\cl_main.c(318,4): warning C4996: 'strcat': This function or variable may be unsafe. Consider using strcat_s instead. To disable deprecation, use _CRT_SECURE_NO_WARNINGS. See online help for details.
C:\Users\ogore\IT266Quake2\quake2-full\client\cl_main.c(319,4): warning C4996: 'strcat': This function or variable may be unsafe. Consider using strcat_s instead. To disable deprecation, use _CRT_SECURE_NO_WARNINGS. See online help for details.
C:\Users\ogore\IT266Quake2\quake2-full\client\cl_main.c(322,3): warning C4996: 'putenv': The POSIX name for this item is deprecated. Instead, use the ISO C and C++ conformant name: _putenv. See online help for details.
C:\Users\ogore\IT266Quake2\quake2-full\client\cl_main.c(457,3): warning C4996: 'strncpy': This function or variable may be unsafe. Consider using strncpy_s instead. To disable deprecation, use _CRT_SECURE_NO_WARNINGS. See online help for details.
C:\Users\ogore\IT266Quake2\quake2-full\client\cl_main.c(520,2): warning C4996: 'strncpy': This function or variable may be unsafe. Consider using strncpy_s instead. To disable deprecation, use _CRT_SECURE_NO_WARNINGS. See online help for details.
C:\Users\ogore\IT266Quake2\quake2-full\client\cl_main.c(546,21): warning C4310: cast truncates constant value
C:\Users\ogore\IT266Quake2\quake2-full\client\cl_main.c(547,21): warning C4310: cast truncates constant value
C:\Users\ogore\IT266Quake2\quake2-full\client\cl_main.c(548,21): warning C4310: cast truncates constant value
C:\Users\ogore\IT266Quake2\quake2-full\client\cl_main.c(549,21): warning C4310: cast truncates constant value
C:\Users\ogore\IT266Quake2\quake2-full\client\cl_main.c(554,2): warning C4996: 'strcat': This function or variable may be unsafe. Consider using strcat_s instead. To disable deprecation, use _CRT_SECURE_NO_WARNINGS. See online help for details.
C:\Users\ogore\IT266Quake2\quake2-full\client\cl_main.c(556,2): warning C4996: 'strcat': This function or variable may be unsafe. Consider using strcat_s instead. To disable deprecation, use _CRT_SECURE_NO_WARNINGS. See online help for details.
C:\Users\ogore\IT266Quake2\quake2-full\client\cl_main.c(557,2): warning C4996: 'strcat': This function or variable may be unsafe. Consider using strcat_s instead. To disable deprecation, use _CRT_SECURE_NO_WARNINGS. See online help for details.
C:\Users\ogore\IT266Quake2\quake2-full\client\cl_main.c(561,3): warning C4996: 'strcat': This function or variable may be unsafe. Consider using strcat_s instead. To disable deprecation, use _CRT_SECURE_NO_WARNINGS. See online help for details.
C:\Users\ogore\IT266Quake2\quake2-full\client\cl_main.c(562,3): warning C4996: 'strcat': This function or variable may be unsafe. Consider using strcat_s instead. To disable deprecation, use _CRT_SECURE_NO_WARNINGS. See online help for details.
C:\Users\ogore\IT266Quake2\quake2-full\client\cl_main.c(646,2): warning C4996: 'strcpy': This function or variable may be unsafe. Consider using strcpy_s instead. To disable deprecation, use _CRT_SECURE_NO_WARNINGS. See online help for details.
C:\Users\ogore\IT266Quake2\quake2-full\client\cl_main.c(647,41): warning C4057: 'function': 'const char *' differs in indirection to slightly different base types from 'byte [32]'
C:\Users\ogore\IT266Quake2\quake2-full\client\cl_main.c(648,41): warning C4057: 'function': 'const char *' differs in indirection to slightly different base types from 'byte [32]'
C:\Users\ogore\IT266Quake2\quake2-full\client\cl_main.c(649,41): warning C4057: 'function': 'const char *' differs in indirection to slightly different base types from 'byte [32]'
C:\Users\ogore\IT266Quake2\quake2-full\client\cl_main.c(702,48): warning C4310: cast truncates constant value
C:\Users\ogore\IT266Quake2\quake2-full\client\cl_main.c(803,8): warning C4459: declaration of 'name' hides global declaration
      C:\Users\ogore\IT266Quake2\quake2-full\client\cl_main.c(79,9):
      see declaration of 'name'
  
C:\Users\ogore\IT266Quake2\quake2-full\client\cl_main.c(1063,3): warning C4996: 'strncpy': This function or variable may be unsafe. Consider using strncpy_s instead. To disable deprecation, use _CRT_SECURE_NO_WARNINGS. See online help for details.
C:\Users\ogore\IT266Quake2\quake2-full\client\cl_main.c(1234,28): warning C4459: declaration of 'skin' hides global declaration
      C:\Users\ogore\IT266Quake2\quake2-full\client\cl_main.c(80,9):
      see declaration of 'skin'
  
C:\Users\ogore\IT266Quake2\quake2-full\client\cl_main.c(1248,5): warning C4996: 'strcpy': This function or variable may be unsafe. Consider using strcpy_s instead. To disable deprecation, use _CRT_SECURE_NO_WARNINGS. See online help for details.
C:\Users\ogore\IT266Quake2\quake2-full\client\cl_main.c(1254,6): warning C4996: 'strcpy': This function or variable may be unsafe. Consider using strcpy_s instead. To disable deprecation, use _CRT_SECURE_NO_WARNINGS. See online help for details.
C:\Users\ogore\IT266Quake2\quake2-full\client\cl_main.c(1315,20): warning C4389: '!=': signed/unsigned mismatch
C:\Users\ogore\IT266Quake2\quake2-full\client\cl_main.c(1353,10): warning C4456: declaration of 'fn' hides previous local declaration
      C:\Users\ogore\IT266Quake2\quake2-full\client\cl_main.c(1120,7):
      see declaration of 'fn'
  
C:\Users\ogore\IT266Quake2\quake2-full\client\cl_main.c(1355,5): warning C4996: 'sprintf': This function or variable may be unsafe. Consider using sprintf_s instead. To disable deprecation, use _CRT_SECURE_NO_WARNINGS. See online help for details.
C:\Users\ogore\IT266Quake2\quake2-full\client\cl_main.c(1572,6): warning C4996: 'fopen': This function or variable may be unsafe. Consider using fopen_s instead. To disable deprecation, use _CRT_SECURE_NO_WARNINGS. See online help for details.
  quake2.vcxproj -> C:\Users\ogore\IT266Quake2\quake2-full\release\quake2.exe
